<?xml version="1.0" encoding="UTF-8" ?>
<!DOCTYPE mapper
  PUBLIC "-//mybatis.org//DTD Mapper 3.0//EN"
  "https://mybatis.org/dtd/mybatis-3-mapper.dtd">
<mapper namespace="test">
	<select id="testint" resultType="Integer">
		select 10 from dual
	</select>
	<select id="testall" resultType="com.and.andmember.AndMemberVO">
	select * from and_member
	</select>
	
	<select id="login" resultType="com.and.andmember.AndMemberVO">
	select * from and_member
	where id = #{id} and password = #{password}
	</select>
	
</mapper>